<?xml version="1.0" encoding="UTF-8"?>
<!-- Generated by org.testng.reporters.JUnitXMLReporter -->
<testsuite ignored="3" hostname="ZIL660" failures="0" tests="1" name="RegressionTests" time="0.003" errors="0" timestamp="2023-12-30T00:48:22 IST">
  <testcase classname="Practice.TestNGBeforeAfter" name="smokeTest2" time="0.001"/>
  <testcase classname="Practice.TestNGBeforeAfter" name="dependentTest" time="0.0">
    <ignored/>
  </testcase> <!-- dependentTest -->
  <testcase classname="Practice.TestNGBeforeAfter" name="myFirstTest" time="0.0">
    <ignored/>
  </testcase> <!-- myFirstTest -->
  <testcase classname="Practice.TestNGBeforeAfter" name="smokeTest1" time="0.0">
    <ignored/>
  </testcase> <!-- smokeTest1 -->
</testsuite> <!-- RegressionTests -->
