<?xml version="1.0" encoding="UTF-8"?>
<!-- Generated by org.testng.reporters.JUnitXMLReporter -->
<testsuite ignored="2" hostname="ZIL660" failures="0" tests="2" name="SmokeTests" time="0.05" errors="0" timestamp="2023-12-30T00:44:04 IST">
  <testcase classname="Practice.TestNGBeforeAfter" name="smokeTest1" time="0.007"/>
  <testcase classname="Practice.TestNGBeforeAfter" name="smokeTest2" time="0.001"/>
  <testcase classname="Practice.TestNGBeforeAfter" name="dependentTest" time="0.0">
    <ignored/>
  </testcase> <!-- dependentTest -->
  <testcase classname="Practice.TestNGBeforeAfter" name="myFirstTest" time="0.0">
    <ignored/>
  </testcase> <!-- myFirstTest -->
</testsuite> <!-- SmokeTests -->
