<?xml version="1.0" encoding="UTF-8"?>
<!-- Generated by org.testng.reporters.JUnitXMLReporter -->
<testsuite ignored="2" hostname="ZIL660" failures="0" tests="4" name="RegressionTests" time="28.635" errors="0" timestamp="2023-12-31T11:58:06 IST">
  <testcase classname="Practice.TestNGBeforeAfter" name="regressionTest1" time="7.586"/>
  <testcase classname="Practice.TestNGBeforeAfter" name="regressionTest2" time="6.765"/>
  <testcase classname="Practice.TestNGBeforeAfter" name="regressionTest3" time="6.908"/>
  <testcase classname="Practice.TestNGBeforeAfter" name="regressionTest4" time="7.31"/>
  <testcase classname="Practice.TestNGBeforeAfter" name="dependentTest" time="0.0">
    <ignored/>
  </testcase> <!-- dependentTest -->
  <testcase classname="Practice.TestNGBeforeAfter" name="myFirstTest" time="0.0">
    <ignored/>
  </testcase> <!-- myFirstTest -->
</testsuite> <!-- RegressionTests -->
